https://www.extremevital.com/en/cycling/trainers-in-accessories-c-563.html
https://www.extremevital.com/en/cycling/bicycle-computers-in-heart-monitors-c-55.html
https://www.extremevital.com/en/cycling/accesories-c-26.html
https://www.extremevital.com/en/cycling/bike-gear-c-5.html
https://www.extremevital.com/en/cycling/cycling-helmets-c-8.html
https://www.extremevital.com/en/cycling/cycling-shoes-c-435.html
https://www.extremevital.com/en/cycling/cycling-sunglassess-c-31.html
https://www.extremevital.com/en/cycling/bike-parts-c-2.html
https://www.extremevital.com/en/cycling/bike-packs-in-accessories-c-25.html
https://www.extremevital.com/en/cycling/bicycle-protection-gear-c-489.html
https://www.extremevital.com/en/cycling/sports-nutrition-and-personal-care-c-690.html
https://www.extremevital.com/en/cycling/cycling-clothes-c-4.html
https://www.extremevital.com/en/cycling/bike-service-in-maintenance-c-3.html
https://www.extremevital.com/en/cycling/bikes-c-1.html
https://www.extremevital.com/en/cycling/electric-bikes-c-739.html
url1: https://www.extremevital.com/hr/bicikli/trenazeri-in-dodaci-c-563.html
link2: https://www.extremevital.com/hr/bicikli/trainer-tacx-boost-p-34844.html
link2: https://www.extremevital.com/hr/bicikli/glavcina-tacx-xd-r-za-neo-2t-flux-2-in-s-p-37621.html
link2: https://www.extremevital.com/hr/bicikli/tacx-e-thru-t1707-12mm-p-21865.html
link2: https://www.extremevital.com/hr/bicikli/schiuri-salomon-x-max-x12-plus-legaturi-xt12-ti-p-3897.html
link2: https://www.extremevital.com/hr/bicikli/tacx-neo-motion-plates-p-40643.html
link2: https://www.extremevital.com/hr/bicikli/trainer-neo-bike-plus-p-41721.html
link2: https://www.extremevital.com/hr/bicikli/tacx-e-thru-t1710-12mm-x-1-5-p-36897.html
link2: https://www.extremevital.com/hr/bicikli/tacx-e-thru-t1710-12mm-x-1-0-p-41635.html
link2: https://www.extremevital.com/hr/bicikli/trainer-cestovna-vanjska-guma-p-3895.html
link2: https://www.extremevital.com/hr/bicikli/trenazer-neo-2t-smart-plus-neo-motion-plates-plus-podloga-tacx-rollable-trainer-p-40946.html
link2: https://www.extremevital.com/hr/bicikli/topeak-presa-lant-super-p-27686.html
link2: https://www.extremevital.com/hr/bicikli/garmin-usb-antplus-antenna-p-37259.html
link2: https://www.extremevital.com/hr/bicikli/trainer-saris-mag-basic-p-37253.html
link2: https://www.extremevital.com/hr/bicikli/patentni-vijak-p-3896.html
link2: https://www.extremevital.com/hr/bicikli/valjci-galaxia-p-9550.html
link2: https://www.extremevital.com/hr/bicikli/tacx-set-protectie-bicicleta-antitranspiratie-si-prosop-p-15035.html
link2: https://www.extremevital.com/hr/bicikli/podloga-tacx-rollable-trainer-mat-p-34105.html
link2: https://www.extremevital.com/hr/bicikli/tacx-quick-release-e-thru-142x12mm-p-41355.html
link2: https://www.extremevital.com/hr/bicikli/trainer-neo-2-smart-p-34832.html
link2: https://www.extremevital.com/hr/bicikli/nosac-za-tablet-t2092-p-17847.html
url1: https://www.extremevital.com/en/cycling/bicycle-computers-in-heart-monitors-c-55.html
next_page_url: https://www.extremevital.com/en/cycling/bicycle-computers-in-heart-monitors-c-55.html?page=2
link2: https://www.extremevital.com/en/cycling/suunto-9-peak-p-36377.html
link2: https://www.extremevital.com/en/cycling/cycling-computer-sigma-bc-10-0-wr-wired-p-38973.html
link2: https://www.extremevital.com/en/cycling/suunto-bike-sensor-p-34959.html
link2: https://www.extremevital.com/en/cycling/battery-force-cr2032-p-22993.html
link2: https://www.extremevital.com/en/cycling/garmin-extended-out-front-bike-mount-edge-p-29420.html
link2: https://www.extremevital.com/en/cycling/gps-watch-suunto-5-peak-p-38154.html
link2: https://www.extremevital.com/en/cycling/garmin-forerunner-245-music-p-29152.html
link2: https://www.extremevital.com/en/cycling/universal-garmin-varia-seatpost-mount-p-36193.html
link2: https://www.extremevital.com/en/cycling/cycling-computer-sigma-rox-4-0-gps-sensor-set-p-38987.html
link2: https://www.extremevital.com/en/cycling/suunto-9-peak-p-36376.html
link2: https://www.extremevital.com/en/cycling/gps-watch-suunto-3-p-39020.html
link2: https://www.extremevital.com/en/cycling/case-for-garmin-edge-830-p-31101.html
link2: https://www.extremevital.com/en/cycling/garmin-bike-speed-2-p-29145.html
link2: https://www.extremevital.com/en/cycling/bryton-bike-speed-and-cadence-sensor-smart-dual-p-43349.html
link2: https://www.extremevital.com/en/cycling/heart-rate-monitor-garmin-hrm-dual-p-28139.html
link2: https://www.extremevital.com/en/cycling/cycling-computer-m460-hr-p-23030.html
link2: https://www.extremevital.com/en/cycling/sigma-power-magnet-for-all-types-spokes-p-26172.html
link2: https://www.extremevital.com/en/cycling/garmin-universal-bike-mount-p-30949.html
link2: https://www.extremevital.com/en/cycling/case-for-garmin-edge-530-p-30541.html
link2: https://www.extremevital.com/en/cycling/sigma-cadence-meter-magnet-p-38992.html
link2: https://www.extremevital.com/en/cycling/wireless-cycling-computer-vdo-m2-1-p-19752.html
link2: https://www.extremevital.com/en/cycling/cycling-computer-sigma-bc-14-0-wr-p-39962.html
link2: https://www.extremevital.com/en/cycling/heart-rate-sensor-polar-verity-sense-ohr-p-36375.html
link2: https://www.extremevital.com/en/cycling/gps-watch-suunto-5-peak-p-38150.html
link2: https://www.extremevital.com/en/cycling/battery-force-cr2025-p-22995.html
link2: https://www.extremevital.com/en/cycling/battery-force-cr2450-p-22996.html
link2: https://www.extremevital.com/en/cycling/case-for-garmin-edge-540-840-p-43240.html
link2: https://www.extremevital.com/en/cycling/out-front-bike-mount-bryton-sport-mout-p-43348.html
link2: https://www.extremevital.com/en/cycling/garmin-quarter-turn-bike-mount-p-16935.html
link2: https://www.extremevital.com/en/cycling/cycling-computer-bryton-rider-750-se-p-43344.html
link2: https://www.extremevital.com/en/cycling/garmin-out-front-bike-mount-edge-p-14930.html
link2: https://www.extremevital.com/en/cycling/suunto-9-g1-baro-p-26802.html
link2: https://www.extremevital.com/en/cycling/cycling-computer-sigma-bc-5-0-wr-wired-p-38977.html
link2: https://www.extremevital.com/en/cycling/cycling-computer-sigma-bc-14-0-wl-sts-wireless-p-39961.html
link2: https://www.extremevital.com/en/cycling/suunto-9-g1-p-26812.html
link2: https://www.extremevital.com/en/cycling/polar-gps-watch-ignite-2-black-pearl-s-l-p-36234.html
link2: https://www.extremevital.com/en/cycling/cycling-computer-sigma-rox-4-0-gps-p-39596.html
link2: https://www.extremevital.com/en/cycling/garmin-bike-cadence-sensor-2-p-29146.html
link2: https://www.extremevital.com/en/cycling/gps-watch-suunto-5-peak-p-38153.html
link2: https://www.extremevital.com/en/cycling/heart-rate-monitor-polar-vantage-m2-p-35993.html
link2: https://www.extremevital.com/en/cycling/garmin-forerunner-245-music-p-29151.html
link2: https://www.extremevital.com/en/cycling/garmin-quickfit-26-watch-strap-p-40475.html
link2: https://www.extremevital.com/en/cycling/garmin-quickfit-26-watch-strap-p-42011.html
link2: https://www.extremevital.com/en/cycling/garmin-bike-speed-and-cadence-sensor-2-p-29144.html
link2: https://www.extremevital.com/en/cycling/garmin-edge-530-p-29147.html
link2: https://www.extremevital.com/en/cycling/suunto-9-g1-baro-p-26801.html
link2: https://www.extremevital.com/en/cycling/cycling-computer-sigma-bc-8-0-wr-wired-p-38980.html
link2: https://www.extremevital.com/en/cycling/polar-universal-bike-mount-p-32231.html
link2: https://www.extremevital.com/en/cycling/heart-rate-sensor-bryton-smart-hr-monitor-p-43351.html
link2: https://www.extremevital.com/en/cycling/wireless-cycling-computer-specialized-turbo-connect-display-black-p-27831.html
link2: https://www.extremevital.com/en/cycling/specialized-mtb-mount-for-speedzone-2-turbo-p-31807.html
link2: https://www.extremevital.com/en/cycling/womens-polar-gps-watch-pacer-p-40647.html
link2: https://www.extremevital.com/en/cycling/sigma-wireless-speed-transmiter-sts-p-29167.html
link2: https://www.extremevital.com/en/cycling/garmin-forerunner-245-p-29148.html
link2: https://www.extremevital.com/en/cycling/heart-rate-sensor-suunto-smart-heart-rate-belt-p-34057.html
link2: https://www.extremevital.com/en/cycling/out-front-mount-magicshine-tta-p-30275.html
link2: https://www.extremevital.com/en/cycling/garmin-handlebar-mount-quickfit-p-34059.html
link2: https://www.extremevital.com/en/cycling/cycle-computer-vdo-r4-gps-top-mount-p-43193.html
link2: https://www.extremevital.com/en/cycling/vdo-wireless-speed-transmitter-m1-m2pluscarierplusmagnet-p-16866.html
link2: https://www.extremevital.com/en/cycling/suunto-5-p-29356.html
link2: https://www.extremevital.com/en/cycling/cycling-computer-sigma-rox-2-0-gps-p-38991.html
link2: https://www.extremevital.com/en/cycling/cycling-computer-sigma-bc-10-0-wl-sts-wireless-p-38970.html
link2: https://www.extremevital.com/en/cycling/polar-gps-watch-pacer-p-40646.html
link2: https://www.extremevital.com/en/cycling/suunto-9-g1-baro-titanium-p-35729.html
url1: https://www.extremevital.com/en/cycling/accesories-c-26.html
link2: https://www.extremevital.com/en/cycling/gopro-action-camera-hd-hero10-black-p-36951.html
link2: https://www.extremevital.com/en/cycling/memory-card-extreme-microsd-128gb-p-42010.html
link2: https://www.extremevital.com/en/cycling/gopro-chest-mount-p-28563.html
link2: https://www.extremevital.com/en/cycling/gopro-action-camera-hd-hero11-black-p-41137.html
link2: https://www.extremevital.com/en/cycling/gopro-handlebar-seat-post-pole-mount-p-28562.html
url1: https://www.extremevital.com/en/cycling/bike-gear-c-5.html
next_page_url: https://www.extremevital.com/en/cycling/bike-gear-c-5.html?page=2
link2: https://www.extremevital.com/en/cycling/cycling-bell-mini-ventura-p-29376.html
link2: https://www.extremevital.com/en/cycling/cycling-bell-carol-p-39088.html
link2: https://www.extremevital.com/en/cycling/topeak-flypaper-glueless-patch-kit-p-19747.html
link2: https://www.extremevital.com/en/cycling/watterbottle-syncros-kids-03l-p-29056.html
link2: https://www.extremevital.com/en/cycling/bottle-cage-zefal-wiiz-black-p-18938.html
link2: https://www.extremevital.com/en/cycling/magicshine-head-strap-mj6060-p-30765.html
link2: https://www.extremevital.com/en/cycling/sealant-for-tubular-tufo-standard-50ml-p-26267.html
link2: https://www.extremevital.com/en/cycling/bottle-cage-zefal-spring-p-29382.html
link2: https://www.extremevital.com/en/cycling/elvelux-front-light-spare-bulb-6v-24w-p-11586.html
link2: https://www.extremevital.com/en/cycling/force-zoo-kid-03l-04l-watterbottle-p-39935.html
link2: https://www.extremevital.com/en/cycling/water-bottle-cage-bor-yueh-basic-p-6649.html
link2: https://www.extremevital.com/en/cycling/magicshine-extension-cable-mj6016-p-30767.html
link2: https://www.extremevital.com/en/cycling/puncture-tubeless-set-ryder-slug-plug-p-28995.html
link2: https://www.extremevital.com/en/cycling/watterbottle-syncros-kids-03l-p-29054.html
link2: https://www.extremevital.com/en/cycling/watterbottle-zefal-junior-z-girl-04l-p-25069.html
link2: https://www.extremevital.com/en/cycling/puncture-tubeless-set-ryder-slug-plug-slugs-p-32075.html
link2: https://www.extremevital.com/en/cycling/force-zoo-kid-03l-04l-watterbottle-p-39936.html
link2: https://www.extremevital.com/en/cycling/pedros-tyre-levers-p-11290.html
link2: https://www.extremevital.com/en/cycling/specialized-big-mouth-watterbottle-071l-p-43132.html
link2: https://www.extremevital.com/en/cycling/specialized-big-mouth-watterbottle-071l-p-41082.html
link2: https://www.extremevital.com/en/cycling/bike-stand-carol-p-6350.html
link2: https://www.extremevital.com/en/cycling/frame-protection-lizard-skins-chainstay-protector-large-p-19797.html
link2: https://www.extremevital.com/en/cycling/tire-lever-zefal-p-10597.html
link2: https://www.extremevital.com/en/cycling/zefal-magnum-1l-watterbottle-p-35071.html
link2: https://www.extremevital.com/en/cycling/bike-light-mount-specialized-flux-camera-style-mount-p-35218.html
link2: https://www.extremevital.com/en/cycling/cycling-bell-carol-p-10239.html
link2: https://www.extremevital.com/en/cycling/lizard-skins-frame-protector-p-22873.html
link2: https://www.extremevital.com/en/cycling/tool-ryder-nutcracker-p-32368.html
link2: https://www.extremevital.com/en/cycling/zefal-emergency-repair-spray-p-22972.html
link2: https://www.extremevital.com/en/cycling/pump-adapter-auto-presta-valve-p-16824.html
link2: https://www.extremevital.com/en/cycling/frame-protector-lizard-skins-patch-kit-p-22867.html
link2: https://www.extremevital.com/en/cycling/quick-release-strap-for-bike-towing-rope-towwhee-quick-release-p-36688.html
link2: https://www.extremevital.com/en/cycling/magicshine-helmet-mount-mj6058-p-30766.html
link2: https://www.extremevital.com/en/cycling/specialized-waterbottle-little-big-mouth-062-l-p-41356.html
link2: https://www.extremevital.com/en/cycling/repair-kit-zefal-universal-plus-p-8210.html
link2: https://www.extremevital.com/en/cycling/specialized-co2-cartridges-1x25g-p-20326.html
link2: https://www.extremevital.com/en/cycling/topeak-fixer-f25-quickclick-p-39963.html
link2: https://www.extremevital.com/en/cycling/specialized-big-mouth-watterbottle-071l-p-43168.html
link2: https://www.extremevital.com/en/cycling/cycling-bell-mini-ventura-p-29375.html
link2: https://www.extremevital.com/en/cycling/bike-lock-masterlock-8126-p-10160.html
link2: https://www.extremevital.com/en/cycling/bike-light-mount-specialized-stix-aero-strap-mount-p-34543.html
link2: https://www.extremevital.com/en/cycling/tubular-glue-continental-carbon-rims-p-10602.html
link2: https://www.extremevital.com/en/cycling/specialized-waterbottle-little-big-mouth-062-l-p-41676.html
link2: https://www.extremevital.com/en/cycling/lizard-skins-frame-protector-p-22874.html
link2: https://www.extremevital.com/en/cycling/continental-rim-cement-p-4637.html
link2: https://www.extremevital.com/en/cycling/frame-protector-lizard-skins-patch-kit-p-22869.html
link2: https://www.extremevital.com/en/cycling/light-force-double-front-and-rear-p-18755.html
link2: https://www.extremevital.com/en/cycling/frame-protection-lizard-skins-chainstay-protector-medium-p-22876.html
link2: https://www.extremevital.com/en/cycling/watterbottle-syncros-kids-03l-p-29059.html
link2: https://www.extremevital.com/en/cycling/reflective-pant-tie-zefal-doowah-p-34895.html
link2: https://www.extremevital.com/en/cycling/bike-lock-masterlock-8143-p-10635.html
link2: https://www.extremevital.com/en/cycling/elvelux-rear-light-spare-bulb-6v-06w-p-11587.html
link2: https://www.extremevital.com/en/cycling/kids-cycling-bell-carol-socker-ball-p-19738.html
link2: https://www.extremevital.com/en/cycling/kids-cycling-bell-carol-sweetheart-p-19739.html
link2: https://www.extremevital.com/en/cycling/water-bottle-zefal-thermo-arctica-075l-p-35504.html
link2: https://www.extremevital.com/en/cycling/zefal-emergency-repair-spray-p-32225.html
link2: https://www.extremevital.com/en/cycling/watterbottle-syncros-kids-03l-p-29057.html
link2: https://www.extremevital.com/en/cycling/cycling-bell-mini-ventura-p-29374.html
link2: https://www.extremevital.com/en/cycling/watterbottle-syncros-kids-03l-p-29058.html
link2: https://www.extremevital.com/en/cycling/tufo-gluing-tape-extreme-for-road-tubular-tyres-19mm-p-32343.html
link2: https://www.extremevital.com/en/cycling/bike-stand-carol-12-16inch-p-20008.html
link2: https://www.extremevital.com/en/cycling/repair-kit-zefal-universal-p-8209.html
link2: https://www.extremevital.com/en/cycling/cold-vulcanizing-fluid-glue-p-16966.html
link2: https://www.extremevital.com/en/cycling/specialized-co2-cartridge-16g-p-17236.html
url1: https://www.extremevital.com/en/cycling/cycling-helmets-c-8.html
next_page_url: https://www.extremevital.com/en/cycling/cycling-helmets-c-8.html?page=2
link2: https://www.extremevital.com/en/cycling/kids-helmet-uvex-kid-3-p-33266.html
link2: https://www.extremevital.com/en/cycling/kids-helmet-uvex-kid-3-p-35219.html
link2: https://www.extremevital.com/en/cycling/cycling-helmet-rudy-project-rush-p-27775.html
link2: https://www.extremevital.com/en/cycling/bicycle-helmet-met-crossover-p-35192.html
link2: https://www.extremevital.com/en/cycling/cycling-helmet-specialized-align-2-mips-p-33131.html
link2: https://www.extremevital.com/en/cycling/fullface-helmet-bluegrass-intox-p-39179.html
link2: https://www.extremevital.com/en/cycling/helmet-oneal-dirt-lid-zf-p-38365.html
link2: https://www.extremevital.com/en/cycling/cycling-helmet-specialized-align-2-mips-p-33130.html
link2: https://www.extremevital.com/en/cycling/kids-helmet-uvex-air-wing-p-35231.html
link2: https://www.extremevital.com/en/cycling/helmet-oneal-dirt-lid-zf-rift-p-35068.html
link2: https://www.extremevital.com/en/cycling/cycling-helmet-rudy-project-rush-p-27772.html
link2: https://www.extremevital.com/en/cycling/cycling-helmet-specialized-align-2-mips-p-33132.html
link2: https://www.extremevital.com/en/cycling/helmet-specialized-mio-toddler-p-31791.html
link2: https://www.extremevital.com/en/cycling/helmet-specialized-centro-led-mips-p-27983.html
link2: https://www.extremevital.com/en/cycling/kids-helmet-met-eldar-p-28842.html
link2: https://www.extremevital.com/en/cycling/aspire-hairport-sl-comp-spare-pad-set-p-40603.html
link2: https://www.extremevital.com/en/cycling/kids-helmet-uvex-kid-2-p-38549.html
link2: https://www.extremevital.com/en/cycling/helmet-fox-youth-mainframe-mips-p-42647.html
link2: https://www.extremevital.com/en/cycling/cycling-helmet-smith-convoy-mips-p-38830.html
link2: https://www.extremevital.com/en/cycling/cycling-helmet-scott-supra-p-42481.html
link2: https://www.extremevital.com/en/cycling/dirt-helmet-bluegrass-super-bold-p-41994.html
link2: https://www.extremevital.com/en/cycling/angi-crash-sensor-for-specialized-helmets-p-28507.html
link2: https://www.extremevital.com/en/cycling/bicycle-helmet-met-crossover-p-34400.html
link2: https://www.extremevital.com/en/cycling/womens-cycling-helmet-smith-convoy-mips-p-38831.html
link2: https://www.extremevital.com/en/cycling/bicycle-helmet-uvex-i-vo-cc-p-32532.html
link2: https://www.extremevital.com/en/cycling/kids-helmet-met-hooray-p-42955.html
link2: https://www.extremevital.com/en/cycling/specialized-ambush-comp-spare-pad-set-p-31450.html
link2: https://www.extremevital.com/en/cycling/specialized-propero-3-spare-pad-set-p-29403.html
link2: https://www.extremevital.com/en/cycling/helmet-oneal-dirt-lid-skulls-kid-p-36415.html
link2: https://www.extremevital.com/en/cycling/specialized-universal-angi-adapter-p-31154.html
link2: https://www.extremevital.com/en/cycling/womens-cycling-helmet-specialized-align-2-mips-p-36603.html
link2: https://www.extremevital.com/en/cycling/specialized-ambush-spare-pad-set-p-18681.html
link2: https://www.extremevital.com/en/cycling/cycling-helmet-smith-convoy-mips-p-42494.html
link2: https://www.extremevital.com/en/cycling/womens-cycling-helmet-smith-convoy-mips-p-32476.html
link2: https://www.extremevital.com/en/cycling/kids-helmet-uvex-kid-2-p-22632.html
link2: https://www.extremevital.com/en/cycling/kids-helmet-scott-scott-spunto-p-31563.html
link2: https://www.extremevital.com/en/cycling/helmet-specialized-shuffle-child-led-mips-p-33141.html
link2: https://www.extremevital.com/en/cycling/womens-bicycle-helmet-uvex-i-vo-cc-p-32472.html
link2: https://www.extremevital.com/en/cycling/womens-cycling-helmet-smith-convoy-mips-p-42493.html
link2: https://www.extremevital.com/en/cycling/womens-cycling-helmet-scott-supra-p-42479.html
link2: https://www.extremevital.com/en/cycling/kids-helmet-met-buddy-p-10614.html
link2: https://www.extremevital.com/en/cycling/dirt-helmet-bluegrass-superbold-p-15767.html
link2: https://www.extremevital.com/en/cycling/kids-helmet-met-buddy-p-4782.html
link2: https://www.extremevital.com/en/cycling/bicycle-helmet-met-mobilite-p-42953.html
link2: https://www.extremevital.com/en/cycling/cycling-helmet-smith-convoy-mips-p-32385.html
link2: https://www.extremevital.com/en/cycling/helmet-specialized-centro-led-mips-p-27982.html
link2: https://www.extremevital.com/en/cycling/womens-cycling-helmet-specialized-align-2-mips-p-33135.html
link2: https://www.extremevital.com/en/cycling/helmet-bluegrass-rogue-p-35918.html
link2: https://www.extremevital.com/en/cycling/cycling-helmet-rudy-project-strym-black-p-26523.html
link2: https://www.extremevital.com/en/cycling/cycling-helmet-scott-supra-p-31518.html
link2: https://www.extremevital.com/en/cycling/helmet-specialized-shuffle-youth-led-mips-p-33153.html
link2: https://www.extremevital.com/en/cycling/cycling-helmet-smith-engage-mips-p-36396.html
link2: https://www.extremevital.com/en/cycling/helmet-specialized-mio-toddler-p-31798.html
link2: https://www.extremevital.com/en/cycling/bicycle-helmet-uvex-rise-cc-p-38551.html
link2: https://www.extremevital.com/en/cycling/helmet-specialized-shuffle-child-led-mips-p-34954.html
link2: https://www.extremevital.com/en/cycling/cycling-helmet-smith-engage-mips-p-36316.html
link2: https://www.extremevital.com/en/cycling/specialized-tactic-3-spare-pad-set-p-38410.html
link2: https://www.extremevital.com/en/cycling/kids-helmet-scott-scott-spunto-p-36253.html
link2: https://www.extremevital.com/en/cycling/kids-helmet-met-eldar-p-39940.html
link2: https://www.extremevital.com/en/cycling/cycling-helmet-specialized-tactic-3-mips-p-28256.html
link2: https://www.extremevital.com/en/cycling/womens-bicycle-helmet-uvex-quatro-p-35222.html
link2: https://www.extremevital.com/en/cycling/kids-helmet-uvex-air-wing-p-23091.html
link2: https://www.extremevital.com/en/cycling/cycling-helmet-scott-supra-p-42484.html
link2: https://www.extremevital.com/en/cycling/helmet-specialized-shuffle-youth-led-mips-p-33152.html
url1: https://www.extremevital.com/en/cycling/cycling-shoes-c-435.html
next_page_url: https://www.extremevital.com/en/cycling/cycling-shoes-c-435.html?page=2
link2: https://www.extremevital.com/en/cycling/shoes-five-ten-trailcross-lt-p-36410.html
link2: https://www.extremevital.com/en/cycling/cycling-shoes-shimano-sh-mt502-mtb-spd-womens-p-39617.html
link2: https://www.extremevital.com/en/cycling/shoes-northwave-tribe-2-p-39314.html
link2: https://www.extremevital.com/en/cycling/shoes-first-degree-arcade-p-42828.html
link2: https://www.extremevital.com/en/cycling/specialized-mtb-toe-stud-1-piece-p-32468.html
link2: https://www.extremevital.com/en/cycling/shoes-five-ten-freerider-p-38450.html
link2: https://www.extremevital.com/en/cycling/womens-cycling-shoes-northwave-core-plus-2-p-35088.html
link2: https://www.extremevital.com/en/cycling/mtb-shoes-scott-sport-trail-lady-evo-p-38025.html
link2: https://www.extremevital.com/en/cycling/specialized-2fo-roost-flat-p-34340.html
link2: https://www.extremevital.com/en/cycling/footbeds-specialized-body-geometry-sl-green-plusplusplus-p-13967.html
link2: https://www.extremevital.com/en/cycling/cycling-shoes-northwave-origin-plus-2-womens-p-43209.html
link2: https://www.extremevital.com/en/cycling/cycling-shoes-specialized-torch-1-road-p-31447.html
link2: https://www.extremevital.com/en/cycling/northwave-ankle-straps-sbs-p-15968.html
link2: https://www.extremevital.com/en/cycling/footbeds-specialized-body-geometry-sl-red-plus-p-23120.html
link2: https://www.extremevital.com/en/cycling/northwave-ankle-straps-sbs-p-15969.html
link2: https://www.extremevital.com/en/cycling/shoes-five-ten-sleuth-p-42404.html
link2: https://www.extremevital.com/en/cycling/cycling-spd-shoes-northwave-origin-plus-2-p-35089.html
link2: https://www.extremevital.com/en/cycling/northwave-4-hole-metal-plate-for-spd-shoess-p-26092.html
link2: https://www.extremevital.com/en/cycling/kids-shoes-five-ten-freerider-p-38093.html
link2: https://www.extremevital.com/en/cycling/womens-shoes-five-ten-freerider-p-35352.html
link2: https://www.extremevital.com/en/cycling/womens-shoes-five-ten-freerider-p-35350.html
link2: https://www.extremevital.com/en/cycling/cycling-shoes-northwave-core-plus-2-wide-p-39930.html
link2: https://www.extremevital.com/en/cycling/cycling-shoes-northwave-core-plus-2-p-35086.html
link2: https://www.extremevital.com/en/cycling/cycling-spd-shoes-northwave-corsair-p-28741.html
link2: https://www.extremevital.com/en/cycling/cycling-spd-shoes-northwave-corsair-p-32206.html
link2: https://www.extremevital.com/en/cycling/shoes-first-degree-flite-p-42829.html
link2: https://www.extremevital.com/en/cycling/footbeds-sidas-custom-bike-pro-p-33015.html
link2: https://www.extremevital.com/en/cycling/womens-cycling-spd-shoes-northwave-origin-2-p-39934.html
link2: https://www.extremevital.com/en/cycling/cycling-shoes-specialized-recon-1-0-mtb-p-37796.html
link2: https://www.extremevital.com/en/cycling/cycling-mtb-shoes-scott-sport-trail-p-35034.html
link2: https://www.extremevital.com/en/cycling/womens-cycling-shoes-northwave-corsair-p-39826.html
link2: https://www.extremevital.com/en/cycling/cycling-spd-shoes-northwave-origin-2-p-35087.html
link2: https://www.extremevital.com/en/cycling/cycling-shoes-shimano-sh-mt502-mtb-spd-p-39616.html
link2: https://www.extremevital.com/en/cycling/mtb-shoes-scott-mtb-comp-boa-lady-p-36877.html
link2: https://www.extremevital.com/en/cycling/cycling-shoes-northwave-storm-carbon-2-p-38715.html
link2: https://www.extremevital.com/en/cycling/shoes-northwave-clan-p-31695.html
link2: https://www.extremevital.com/en/cycling/womens-freeride-shoes-five-ten-sleuth-p-35337.html
link2: https://www.extremevital.com/en/cycling/kids-cycling-shoes-northwave-core-junior-p-42854.html
link2: https://www.extremevital.com/en/cycling/cycling-shoes-shimano-sh-am702-mtb-spd-p-36254.html
link2: https://www.extremevital.com/en/cycling/shoes-northwave-tailwhip-p-43210.html
link2: https://www.extremevital.com/en/cycling/footbeds-specialized-body-geometry-sl-blue-plusplus-p-19964.html
link2: https://www.extremevital.com/en/cycling/shoes-five-ten-freerider-p-35357.html
link2: https://www.extremevital.com/en/cycling/shoes-first-degree-flite-p-42830.html
link2: https://www.extremevital.com/en/cycling/cycling-shoes-northwave-core-plus-2-womens-p-38616.html
link2: https://www.extremevital.com/en/cycling/womens-shoes-five-ten-freerider-p-38041.html
link2: https://www.extremevital.com/en/cycling/kids-shoes-five-ten-freerider-p-35348.html
link2: https://www.extremevital.com/en/cycling/cycling-shoes-northwave-rockster-p-38615.html
link2: https://www.extremevital.com/en/cycling/womens-freeride-shoes-five-ten-sleuth-p-42381.html
link2: https://www.extremevital.com/en/cycling/womens-cycling-shoes-specialized-torch-2-road-p-31775.html
link2: https://www.extremevital.com/en/cycling/specialized-rime-flat-p-35899.html
link2: https://www.extremevital.com/en/cycling/freeride-shoes-five-ten-sleuth-p-32696.html
link2: https://www.extremevital.com/en/cycling/shoes-five-ten-freerider-p-35354.html
link2: https://www.extremevital.com/en/cycling/cycling-shoes-specialized-recon-1-0-p-31996.html
link2: https://www.extremevital.com/en/cycling/shoes-five-ten-trailcross-lt-womens-p-38513.html
link2: https://www.extremevital.com/en/cycling/shoes-five-ten-freerider-p-35355.html
link2: https://www.extremevital.com/en/cycling/shoes-first-degree-arcade-p-42827.html
link2: https://www.extremevital.com/en/cycling/kids-shoes-five-ten-freerider-p-42945.html
link2: https://www.extremevital.com/en/cycling/cycling-shoes-shimano-sh-mt501-mtb-spd-womens-p-28156.html
link2: https://www.extremevital.com/en/cycling/cycling-shoes-northwave-core-2-p-35536.html
link2: https://www.extremevital.com/en/cycling/womens-freeride-shoes-five-ten-sleuth-dlx-canvas-p-42234.html
link2: https://www.extremevital.com/en/cycling/womens-cycling-shoes-specialized-torch-1-road-p-32189.html
link2: https://www.extremevital.com/en/cycling/cycling-shoes-northwave-core-plus-2-p-35535.html
link2: https://www.extremevital.com/en/cycling/shoes-five-ten-freerider-dlx-p-36417.html
link2: https://www.extremevital.com/en/cycling/womens-freeride-shoes-five-ten-sleuth-p-31642.html
url1: https://www.extremevital.com/en/cycling/cycling-sunglassess-c-31.html
next_page_url: https://www.extremevital.com/en/cycling/cycling-sunglassess-c-31.html?page=2
link2: https://www.extremevital.com/en/cycling/dh-goggles-100-strata-2-jr-p-39839.html
link2: https://www.extremevital.com/en/cycling/oakley-flak-xxs-p-36748.html
link2: https://www.extremevital.com/en/cycling/kids-sunglasses-uvex-sportstyle-507-p-31704.html
link2: https://www.extremevital.com/en/cycling/dh-cycling-googles-100-accuri-2-p-39833.html
link2: https://www.extremevital.com/en/cycling/sunglasses-uvex-sportstyle-231-2-0-p-42674.html
link2: https://www.extremevital.com/en/cycling/100-clear-spare-anti-fog-lens-p-31508.html
link2: https://www.extremevital.com/en/cycling/sunglasses-uvex-sportstyle-235-p-42671.html
link2: https://www.extremevital.com/en/cycling/dh-cycling-googles-100-accuri-2-p-39834.html
link2: https://www.extremevital.com/en/cycling/dh-cycling-googles-100-strata-2-p-39840.html
link2: https://www.extremevital.com/en/cycling/sunglasses-uvex-sportstyle-235-p-38558.html
link2: https://www.extremevital.com/en/cycling/womens-goggles-smith-squad-mtb-s-p-42497.html
link2: https://www.extremevital.com/en/cycling/sunglasses-uvex-sportstyle-228-p-35248.html
link2: https://www.extremevital.com/en/cycling/100-clear-spare-double-anti-fog-vented-lenses-p-19513.html
link2: https://www.extremevital.com/en/cycling/sunglasses-uvex-sportstyle-228-p-36130.html
link2: https://www.extremevital.com/en/cycling/sunglasses-oakley-bxtr-9280-0539-p-42719.html
link2: https://www.extremevital.com/en/cycling/dh-cycling-googles-100-accuri-p-39835.html
link2: https://www.extremevital.com/en/cycling/goggles-oneal-b-zero-p-26136.html
link2: https://www.extremevital.com/en/cycling/sunglasses-uvex-sportstyle-706-v-p-28070.html
link2: https://www.extremevital.com/en/cycling/sunglasses-oakley-sutro-s-polished-black-prizm-road-black-9462-0128-p-34412.html
link2: https://www.extremevital.com/en/cycling/sunglasses-uvex-blaze-iii-p-31702.html
link2: https://www.extremevital.com/en/cycling/kids-sunglasses-uvex-sportstyle-508-p-32774.html
link2: https://www.extremevital.com/en/cycling/goggles-oneal-b10-solid-youth-p-25553.html
link2: https://www.extremevital.com/en/cycling/cycling-eyewear-rudy-project-stratofly-black-gloss-impactx-photochromic-2-black-p-28165.html
link2: https://www.extremevital.com/en/cycling/sunglasses-oakley-sutro-s-matt-black-prizm-trail-torch-9462-0328-p-34409.html
link2: https://www.extremevital.com/en/cycling/goggles-poc-ora-p-31729.html
link2: https://www.extremevital.com/en/cycling/sunglasses-uvex-sportstyle-228-p-38554.html
link2: https://www.extremevital.com/en/cycling/goggle-sheets-100-tear-off-gen2-20-pack-p-43204.html
link2: https://www.extremevital.com/en/cycling/rudy-project-clip-on-insert-half-rim-p-34356.html
link2: https://www.extremevital.com/en/cycling/sunglasses-uvex-sportstyle-803-race-variomatic-p-25596.html
link2: https://www.extremevital.com/en/cycling/oakley-mx-o-frame-googles-7029-5300-p-32870.html
link2: https://www.extremevital.com/en/cycling/womens-cycling-eyewear-rudy-project-stratofly-black-gloss-impactx-photochromic-p-28164.html
link2: https://www.extremevital.com/en/cycling/spare-lens-100-dual-vented-gen2-p-43207.html
link2: https://www.extremevital.com/en/cycling/goggles-oneal-b-zero-p-42485.html
link2: https://www.extremevital.com/en/cycling/goggles-fox-main-stray-p-35387.html
link2: https://www.extremevital.com/en/cycling/sunglasses-uvex-sportstyle-803-race-variomatic-p-23087.html
link2: https://www.extremevital.com/en/cycling/100-clear-spare-anti-fog-lens-p-19511.html
link2: https://www.extremevital.com/en/cycling/sunglasses-uvex-sportstyle-236-s-set-p-38567.html
link2: https://www.extremevital.com/en/cycling/dh-goggles-100-strata-2-jr-p-35487.html
link2: https://www.extremevital.com/en/cycling/sunglass-case-oakley-soft-vault-p-32340.html
link2: https://www.extremevital.com/en/cycling/sunglasses-uvex-sportstyle-236-set-p-38565.html
link2: https://www.extremevital.com/en/cycling/sunglasses-uvex-sportstyle-802-variomatic-p-23084.html
link2: https://www.extremevital.com/en/cycling/goggles-oneal-b10-pixel-p-25552.html
link2: https://www.extremevital.com/en/cycling/sunglasses-smith-resolve-p-39917.html
link2: https://www.extremevital.com/en/cycling/sunglasses-smith-xc-p-42437.html
link2: https://www.extremevital.com/en/cycling/oakley-flak-xxs-p-36747.html
link2: https://www.extremevital.com/en/cycling/sunglasses-uvex-sportstyle-114-set-p-38555.html
link2: https://www.extremevital.com/en/cycling/womens-sunglasses-uvex-sportstyle-802-s-variomatic-p-22666.html
link2: https://www.extremevital.com/en/cycling/spare-lens-100-kid-gen2-kid-p-43205.html
link2: https://www.extremevital.com/en/cycling/dh-cycling-googles-100-strata-2-p-39843.html
link2: https://www.extremevital.com/en/cycling/goggles-oneal-b-zero-p-42483.html
link2: https://www.extremevital.com/en/cycling/cycling-eyewear-rudy-project-stratofly-black-anthracite-smoke-black-p-10605.html
link2: https://www.extremevital.com/en/cycling/sunglasses-uvex-sportstyle-204-p-22663.html
link2: https://www.extremevital.com/en/cycling/kids-sunglasses-uvex-sportstyle-508-p-31705.html
link2: https://www.extremevital.com/en/cycling/sunglasses-smith-xc-p-42436.html
link2: https://www.extremevital.com/en/cycling/sunglasses-oakley-radar-ev-xs-9001-1831-p-35876.html
link2: https://www.extremevital.com/en/cycling/dh-cycling-googles-100-strata-2-p-39841.html
link2: https://www.extremevital.com/en/cycling/womens-sunglasses-uvex-sportstyle-802-variomatic-p-25594.html
link2: https://www.extremevital.com/en/cycling/goggles-smith-squad-mtb-p-32384.html
link2: https://www.extremevital.com/en/cycling/spare-lens-100-gen2-p-43206.html
link2: https://www.extremevital.com/en/cycling/sunglasses-smith-flywheel-p-39903.html
link2: https://www.extremevital.com/en/cycling/kids-sunglasses-uvex-sportstyle-508-p-28071.html
link2: https://www.extremevital.com/en/cycling/kids-sunglasses-uvex-sportstyle-507-p-25608.html
link2: https://www.extremevital.com/en/cycling/sunglasses-uvex-sportstyle-806-v-p-35247.html
link2: https://www.extremevital.com/en/cycling/goggles-oneal-b-zero-p-42482.html
url1: https://www.extremevital.com/en/cycling/bike-parts-c-2.html
next_page_url: https://www.extremevital.com/en/cycling/bike-parts-c-2.html?page=2
link2: https://www.extremevital.com/en/cycling/continental-mtb-tube-29x1-75-2-50-presta-valve-p-21845.html
link2: https://www.extremevital.com/en/cycling/inner-tube-kenda-mtb-26inch-presta-valve-p-8488.html
link2: https://www.extremevital.com/en/cycling/inner-tube-kenda-16inch-schrader-valve-p-8495.html
link2: https://www.extremevital.com/en/cycling/swiss-stop-cleaning-block-for-brake-surfaces-p-15323.html
link2: https://www.extremevital.com/en/cycling/velo-grips-vlg-901-kids-p-26362.html
link2: https://www.extremevital.com/en/cycling/sram-powerlock-p-4945.html
link2: https://www.extremevital.com/en/cycling/kore-carbon-headset-spacer-10mm-p-19647.html
link2: https://www.extremevital.com/en/cycling/inner-tube-kenda-20inch-schrader-valve-p-8496.html
link2: https://www.extremevital.com/en/cycling/inner-tube-specialized-18inch-auto-valve-1-5-2-3-p-34671.html
link2: https://www.extremevital.com/en/cycling/inner-tube-kenda-14inch-schrader-valve-p-23115.html
link2: https://www.extremevital.com/en/cycling/sram-powerlock-11s-p-12847.html
link2: https://www.extremevital.com/en/cycling/brake-cable-shimano-stainless-road-p-16826.html
link2: https://www.extremevital.com/en/cycling/brake-cable-shimano-stainless-p-11231.html
link2: https://www.extremevital.com/en/cycling/continental-mtb-tube-20-x-1-9-2-5-auto-valve-p-25271.html
link2: https://www.extremevital.com/en/cycling/inner-tube-kenda-trekking-dunlop-valve-p-8493.html
link2: https://www.extremevital.com/en/cycling/kore-alu-headset-spacer-10mm-p-34786.html
link2: https://www.extremevital.com/en/cycling/sram-powerlink-p-731.html
link2: https://www.extremevital.com/en/cycling/baradine-cantilever-replacement-brake-pads-p-10496.html
link2: https://www.extremevital.com/en/cycling/continental-road-tube-700x18-25-42mm-valve-p-21834.html
link2: https://www.extremevital.com/en/cycling/campagnolo-shift-wire-p-23149.html
link2: https://www.extremevital.com/en/cycling/inner-tube-kenda-mtb-26inch-schrader-valve-p-8487.html
link2: https://www.extremevital.com/en/cycling/inner-tube-kenda-mtb-26inch-dunlop-valve-p-43410.html
link2: https://www.extremevital.com/en/cycling/sram-powerlock-12s-p-22122.html
link2: https://www.extremevital.com/en/cycling/brake-cable-sram-stainless-p-23285.html
link2: https://www.extremevital.com/en/cycling/kalloy-carbon-headset-spacer-10mm-p-17039.html
link2: https://www.extremevital.com/en/cycling/continental-mtb-tube-26x1-75-2-50-presta-valve-p-21843.html
link2: https://www.extremevital.com/en/cycling/kalloy-brake-shoes-for-older-cycles-p-17085.html
link2: https://www.extremevital.com/en/cycling/brake-shifter-cable-end-cap-shimano-p-32096.html
link2: https://www.extremevital.com/en/cycling/headset-top-cap-star-1-1-8-p-11552.html
link2: https://www.extremevital.com/en/cycling/inner-tube-kenda-24inch-schrader-valve-p-23117.html
link2: https://www.extremevital.com/en/cycling/inner-tube-kenda-trekking-presta-valve-p-8492.html
link2: https://www.extremevital.com/en/cycling/sram-powerlink-p-6463.html
link2: https://www.extremevital.com/en/cycling/sealant-joes-super-sealant-125ml-p-10574.html
link2: https://www.extremevital.com/en/cycling/vee-rubber-tube-12x175-auto-valve-p-36328.html
link2: https://www.extremevital.com/en/cycling/inner-tube-specialized-20inch-auto-valve-2-4-3-0-p-25295.html
link2: https://www.extremevital.com/en/cycling/brake-cable-housing-shimano-white-p-18826.html
link2: https://www.extremevital.com/en/cycling/sram-powerlock-road-12s-p-43295.html
link2: https://www.extremevital.com/en/cycling/inner-tube-specialized-mtb-26inch-presta-valve-p-15424.html
link2: https://www.extremevital.com/en/cycling/shimano-shift-cable-stainless-p-11232.html
link2: https://www.extremevital.com/en/cycling/continental-mtb-tube-10-11-12-45-degrees-auto-valve-p-25272.html
link2: https://www.extremevital.com/en/cycling/inner-tube-city-26inch-italia-valve-p-23116.html
link2: https://www.extremevital.com/en/cycling/shimano-brake-and-shift-outer-cable-cap-p-18864.html
link2: https://www.extremevital.com/en/cycling/shift-cable-housing-teflon-black-p-11585.html
link2: https://www.extremevital.com/en/cycling/olive-and-insert-pin-shimano-xt-sm-bh90-p-32092.html
link2: https://www.extremevital.com/en/cycling/continental-mtb-tube-27-5x1-75-2-50-presta-valve-p-21844.html
link2: https://www.extremevital.com/en/cycling/shift-cable-jagwire-shimano-sram-p-41180.html
link2: https://www.extremevital.com/en/cycling/brake-cable-housing-shimano-dura-ace-bc9000-p-18850.html
link2: https://www.extremevital.com/en/cycling/pedals-kalloy-kids-p-29373.html
link2: https://www.extremevital.com/en/cycling/inner-tube-kenda-road-presta-valve-p-43411.html
link2: https://www.extremevital.com/en/cycling/kalloy-grips-foam-long-p-10839.html
link2: https://www.extremevital.com/en/cycling/continental-road-tube-700x25-32-42mm-valve-p-21839.html
link2: https://www.extremevital.com/en/cycling/inner-tube-kenda-mtb-26inch-dunlop-valve-p-8489.html
link2: https://www.extremevital.com/en/cycling/inner-tube-vee-rubber-city-26inch-dunlop-valve-p-11588.html
link2: https://www.extremevital.com/en/cycling/vee-rubber-tube-26x1-75-1-90-presta-valve-p-36332.html
link2: https://www.extremevital.com/en/cycling/inner-tube-kenda-24inch-dunlop-valve-p-8498.html
link2: https://www.extremevital.com/en/cycling/inner-tube-kenda-treking-schrader-valve-p-8491.html
link2: https://www.extremevital.com/en/cycling/inner-tube-kenda-12inch-schrader-valve-p-8494.html
link2: https://www.extremevital.com/en/cycling/schwalbe-tube-mtb-26x1-3-8-presta-valve-p-21822.html
link2: https://www.extremevital.com/en/cycling/continental-mtb-tube-26x1-75-2-50-auto-valve-p-21842.html
link2: https://www.extremevital.com/en/cycling/baradine-v-brake-replacement-pads-p-10440.html
link2: https://www.extremevital.com/en/cycling/inner-tube-specialized-24inch-presta-valve-2-4-3-0-p-23175.html
link2: https://www.extremevital.com/en/cycling/vee-rubber-tube-26x1-3-8-fv-presta-valve-p-40157.html
link2: https://www.extremevital.com/en/cycling/xlc-shift-bowden-cap-p-17274.html
link2: https://www.extremevital.com/en/cycling/kalloy-carbon-headset-spacer-5mm-p-17037.html
url1: https://www.extremevital.com/en/cycling/electric-bikes-c-739.html
next_page_url: https://www.extremevital.com/en/cycling/electric-bikes-c-739.html?page=2
link2: https://www.extremevital.com/en/cycling/womens-moutain-bike-giant-liv-intrigue-eplus-3-pro-29-p-40556.html
link2: https://www.extremevital.com/en/cycling/bike-scott-aspect-eride-930-p-43366.html
link2: https://www.extremevital.com/en/cycling/womens-electric-bike-specialized-turbo-tero-3-0-st-p-38296.html
link2: https://www.extremevital.com/en/cycling/electric-bike-giant-talon-eplus-jr-24-p-39978.html
link2: https://www.extremevital.com/en/cycling/electric-bike-giant-talon-eplus-jr-26-p-41847.html
link2: https://www.extremevital.com/en/cycling/electric-bike-specialized-turbo-levo-fsr-carbon-29inch-p-40821.html
link2: https://www.extremevital.com/en/cycling/electric-bike-specialized-turbo-levo-sl-comp-carbon-29inch-p-36832.html
link2: https://www.extremevital.com/en/cycling/specialized-turbo-vado-sl-4-0-p-38142.html
link2: https://www.extremevital.com/en/cycling/womens-electric-bike-giant-liv-tempt-eplus-275plus-2-p-38200.html
link2: https://www.extremevital.com/en/cycling/trekking-bike-scott-sub-tour-eride-lady-20-p-33896.html
link2: https://www.extremevital.com/en/cycling/specialized-turbo-vado-4-0-p-37091.html
link2: https://www.extremevital.com/en/cycling/electric-bike-specialized-levo-sl-kids-p-43378.html
link2: https://www.extremevital.com/en/cycling/trekking-bike-scott-sub-sport-eride-men-20-p-43332.html
link2: https://www.extremevital.com/en/cycling/specialized-turbo-vado-5-0-p-37492.html
link2: https://www.extremevital.com/en/cycling/bike-scott-genius-eride-920-p-32997.html
link2: https://www.extremevital.com/en/cycling/specialized-turbo-vado-3-0-p-37665.html
link2: https://www.extremevital.com/en/cycling/trekking-bike-scott-sub-cross-eride-10-lady-p-43112.html
link2: https://www.extremevital.com/en/cycling/electric-bike-giant-talon-eplus-29-2-p-33803.html
link2: https://www.extremevital.com/en/cycling/womens-moutain-bike-giant-liv-embolden-eplus-2-p-38749.html
link2: https://www.extremevital.com/en/cycling/electric-bike-giant-trance-x-eplus-pro-29-3-p-38802.html
link2: https://www.extremevital.com/en/cycling/electric-bike-scott-patron-eride-920-p-38776.html
link2: https://www.extremevital.com/en/cycling/electric-bike-specialized-turbo-levo-sl-comp-carbon-29inch-p-33182.html
link2: https://www.extremevital.com/en/cycling/trekking-bike-scott-sub-active-eride-unisex-p-33886.html
link2: https://www.extremevital.com/en/cycling/specialized-turbo-como-sl-4-0-le-p-35663.html
link2: https://www.extremevital.com/en/cycling/specialized-turbo-vado-sl-5-0-st-eq-p-38594.html
link2: https://www.extremevital.com/en/cycling/electric-bike-giant-liv-rove-eplus-2-sta-p-38597.html
link2: https://www.extremevital.com/en/cycling/womens-electric-bike-giant-liv-tempt-eplus-29-1-p-38466.html
link2: https://www.extremevital.com/en/cycling/womens-electric-bike-specialized-turbo-tero-3-0-p-38981.html
link2: https://www.extremevital.com/en/cycling/electric-bike-giant-stance-eplus-2-p-38755.html
link2: https://www.extremevital.com/en/cycling/womens-moutain-bike-giant-liv-intrigue-eplus-2-pro-29-p-38202.html
link2: https://www.extremevital.com/en/cycling/electric-bike-specialized-turbo-tero-3-0-p-38979.html
link2: https://www.extremevital.com/en/cycling/trekking-bike-scott-sub-cross-eride-30-womens-p-38789.html
link2: https://www.extremevital.com/en/cycling/specialized-turbo-como-3-0-le-p-38975.html
link2: https://www.extremevital.com/en/cycling/electric-bike-giant-explore-eplus-2-sta-p-38029.html
link2: https://www.extremevital.com/en/cycling/trekking-bike-scott-sub-cross-eride-10-men-p-43111.html
link2: https://www.extremevital.com/en/cycling/electric-bike-giant-fathom-eplus-2-pro-29-p-33708.html
link2: https://www.extremevital.com/en/cycling/electric-bike-specialized-turbo-levo-sl-comp-carbon-29inch-p-31461.html
link2: https://www.extremevital.com/en/cycling/electric-bike-specialized-turbo-tero-x-4-0-p-42807.html
link2: https://www.extremevital.com/en/cycling/trekking-bike-scott-sub-cross-eride-30-men-p-37495.html
link2: https://www.extremevital.com/en/cycling/electric-bike-specialized-turbo-vado-3-0-p-38663.html
link2: https://www.extremevital.com/en/cycling/specialized-turbo-vado-sl-4-0-st-p-43365.html
link2: https://www.extremevital.com/en/cycling/electric-bike-giant-roam-eplus-2-gts-p-38596.html
link2: https://www.extremevital.com/en/cycling/bike-scott-axis-eride-evo-p-43335.html
link2: https://www.extremevital.com/en/cycling/electric-bike-specialized-turbo-levo-fsr-womens-p-37868.html
link2: https://www.extremevital.com/en/cycling/specialized-kenevo-comp-p-40795.html
link2: https://www.extremevital.com/en/cycling/specialized-turbo-vado-sl-5-0-eq-p-38160.html
link2: https://www.extremevital.com/en/cycling/womens-electric-bike-giant-liv-tempt-eplus-275-1-p-38880.html
link2: https://www.extremevital.com/en/cycling/electric-bike-scott-strike-eride-930-p-32996.html
link2: https://www.extremevital.com/en/cycling/electric-bike-giant-explore-eplus-2-gts-p-38028.html
link2: https://www.extremevital.com/en/cycling/specialized-turbo-vado-sl-4-0-p-37494.html
link2: https://www.extremevital.com/en/cycling/electric-bike-giant-fathom-eplus-2-29-p-33428.html
link2: https://www.extremevital.com/en/cycling/electric-bike-scott-strike-eride-930-p-43238.html
link2: https://www.extremevital.com/en/cycling/electric-bike-specialized-turbo-levo-sl-comp-carbon-29inch-p-31460.html
link2: https://www.extremevital.com/en/cycling/womens-electric-bike-giant-vall-eplus-1-p-38853.html
link2: https://www.extremevital.com/en/cycling/womens-electric-bike-giant-liv-tempt-eplus-29-2-p-38465.html
link2: https://www.extremevital.com/en/cycling/electric-bike-specialized-turbo-levo-fsr-p-38219.html
link2: https://www.extremevital.com/en/cycling/electric-bike-giant-explore-eplus-2-sta-p-43360.html
link2: https://www.extremevital.com/en/cycling/specialized-turbo-vado-sl-4-0-eq-p-38978.html
link2: https://www.extremevital.com/en/cycling/electric-bike-giant-trance-x-eplus-pro-29-2-p-38801.html
link2: https://www.extremevital.com/en/cycling/trekking-bike-scott-sub-tour-eride-men-20-p-33900.html
link2: https://www.extremevital.com/en/cycling/specialized-turbo-vado-4-0-p-37917.html
link2: https://www.extremevital.com/en/cycling/specialized-turbo-como-3-0-le-p-38974.html
link2: https://www.extremevital.com/en/cycling/electric-bike-specialized-turbo-tero-4-0-p-38403.html
link2: https://www.extremevital.com/en/cycling/womens-electric-bike-scott-contessa-active-eride-930-p-42408.html
url yieldan: https://www.extremevital.com/hr/bicikli/nosac-za-tablet-t2092-p-17847.html
url yieldan: https://www.extremevital.com/en/cycling/suunto-9-g1-baro-titanium-p-35729.html
url yieldan: https://www.extremevital.com/en/cycling/gopro-handlebar-seat-post-pole-mount-p-28562.html
url yieldan: https://www.extremevital.com/en/cycling/specialized-co2-cartridge-16g-p-17236.html
url yieldan: https://www.extremevital.com/en/cycling/helmet-specialized-shuffle-youth-led-mips-p-33152.html
url yieldan: https://www.extremevital.com/en/cycling/womens-freeride-shoes-five-ten-sleuth-p-31642.html
url yieldan: https://www.extremevital.com/en/cycling/goggles-oneal-b-zero-p-42482.html
url yieldan: https://www.extremevital.com/en/cycling/kalloy-carbon-headset-spacer-5mm-p-17037.html
url yieldan: https://www.extremevital.com/en/cycling/xlc-shift-bowden-cap-p-17274.html
url yieldan: https://www.extremevital.com/en/cycling/womens-electric-bike-scott-contessa-active-eride-930-p-42408.html
url yieldan: https://www.extremevital.com/en/cycling/electric-bike-specialized-turbo-tero-4-0-p-38403.html
url yieldan: https://www.extremevital.com/en/cycling/specialized-turbo-como-3-0-le-p-38974.html
url yieldan: https://www.extremevital.com/en/cycling/specialized-turbo-vado-4-0-p-37917.html
url yieldan: https://www.extremevital.com/en/cycling/trekking-bike-scott-sub-tour-eride-men-20-p-33900.html
url yieldan: https://www.extremevital.com/en/cycling/electric-bike-giant-trance-x-eplus-pro-29-2-p-38801.html
url yieldan: https://www.extremevital.com/en/cycling/specialized-turbo-vado-sl-4-0-eq-p-38978.html
url yieldan: https://www.extremevital.com/en/cycling/electric-bike-giant-explore-eplus-2-sta-p-43360.html
url yieldan: https://www.extremevital.com/en/cycling/electric-bike-specialized-turbo-levo-fsr-p-38219.html
url yieldan: https://www.extremevital.com/en/cycling/womens-electric-bike-giant-liv-tempt-eplus-29-2-p-38465.html
url yieldan: https://www.extremevital.com/en/cycling/womens-electric-bike-giant-vall-eplus-1-p-38853.html
url yieldan: https://www.extremevital.com/en/cycling/electric-bike-specialized-turbo-levo-sl-comp-carbon-29inch-p-31460.html
url yieldan: https://www.extremevital.com/en/cycling/electric-bike-giant-fathom-eplus-2-29-p-33428.html
url yieldan: https://www.extremevital.com/en/cycling/electric-bike-scott-strike-eride-930-p-43238.html
url yieldan: https://www.extremevital.com/en/cycling/specialized-turbo-vado-sl-4-0-p-37494.html
url yieldan: https://www.extremevital.com/en/cycling/electric-bike-giant-explore-eplus-2-gts-p-38028.html
url yieldan: https://www.extremevital.com/en/cycling/electric-bike-scott-strike-eride-930-p-32996.html
url yieldan: https://www.extremevital.com/en/cycling/womens-electric-bike-giant-liv-tempt-eplus-275-1-p-38880.html
url yieldan: https://www.extremevital.com/en/cycling/specialized-turbo-vado-sl-5-0-eq-p-38160.html
url yieldan: https://www.extremevital.com/en/cycling/specialized-kenevo-comp-p-40795.html
url yieldan: https://www.extremevital.com/en/cycling/bike-scott-axis-eride-evo-p-43335.html
url yieldan: https://www.extremevital.com/en/cycling/electric-bike-specialized-turbo-levo-fsr-womens-p-37868.html
url yieldan: https://www.extremevital.com/en/cycling/electric-bike-giant-roam-eplus-2-gts-p-38596.html
url yieldan: https://www.extremevital.com/en/cycling/specialized-turbo-vado-sl-4-0-st-p-43365.html
url yieldan: https://www.extremevital.com/en/cycling/electric-bike-specialized-turbo-vado-3-0-p-38663.html
url yieldan: https://www.extremevital.com/en/cycling/trekking-bike-scott-sub-cross-eride-30-men-p-37495.html
url yieldan: https://www.extremevital.com/en/cycling/electric-bike-specialized-turbo-levo-sl-comp-carbon-29inch-p-31461.html
url yieldan: https://www.extremevital.com/en/cycling/electric-bike-specialized-turbo-tero-x-4-0-p-42807.html
url yieldan: https://www.extremevital.com/en/cycling/electric-bike-giant-fathom-eplus-2-pro-29-p-33708.html
url yieldan: https://www.extremevital.com/en/cycling/trekking-bike-scott-sub-cross-eride-10-men-p-43111.html
url yieldan: https://www.extremevital.com/en/cycling/electric-bike-giant-explore-eplus-2-sta-p-38029.html
url yieldan: https://www.extremevital.com/en/cycling/specialized-turbo-como-3-0-le-p-38975.html
url yieldan: https://www.extremevital.com/en/cycling/trekking-bike-scott-sub-cross-eride-30-womens-p-38789.html
url yieldan: https://www.extremevital.com/en/cycling/electric-bike-specialized-turbo-tero-3-0-p-38979.html
url yieldan: https://www.extremevital.com/en/cycling/womens-moutain-bike-giant-liv-intrigue-eplus-2-pro-29-p-38202.html
url yieldan: https://www.extremevital.com/en/cycling/electric-bike-giant-stance-eplus-2-p-38755.html
url yieldan: https://www.extremevital.com/en/cycling/womens-electric-bike-specialized-turbo-tero-3-0-p-38981.html
url yieldan: https://www.extremevital.com/en/cycling/womens-electric-bike-giant-liv-tempt-eplus-29-1-p-38466.html
url yieldan: https://www.extremevital.com/en/cycling/electric-bike-giant-liv-rove-eplus-2-sta-p-38597.html
url yieldan: https://www.extremevital.com/en/cycling/specialized-turbo-vado-sl-5-0-st-eq-p-38594.html
url yieldan: https://www.extremevital.com/en/cycling/specialized-turbo-como-sl-4-0-le-p-35663.html
url yieldan: https://www.extremevital.com/en/cycling/trekking-bike-scott-sub-active-eride-unisex-p-33886.html
url yieldan: https://www.extremevital.com/en/cycling/electric-bike-scott-patron-eride-920-p-38776.html
url yieldan: https://www.extremevital.com/en/cycling/electric-bike-giant-trance-x-eplus-pro-29-3-p-38802.html
url yieldan: https://www.extremevital.com/en/cycling/electric-bike-specialized-turbo-levo-sl-comp-carbon-29inch-p-33182.html
url yieldan: https://www.extremevital.com/en/cycling/womens-moutain-bike-giant-liv-embolden-eplus-2-p-38749.html
url yieldan: https://www.extremevital.com/en/cycling/electric-bike-giant-talon-eplus-29-2-p-33803.html
url yieldan: https://www.extremevital.com/en/cycling/trekking-bike-scott-sub-cross-eride-10-lady-p-43112.html
url yieldan: https://www.extremevital.com/en/cycling/specialized-turbo-vado-3-0-p-37665.html
url yieldan: https://www.extremevital.com/en/cycling/bike-scott-genius-eride-920-p-32997.html
url yieldan: https://www.extremevital.com/en/cycling/specialized-turbo-vado-5-0-p-37492.html
url yieldan: https://www.extremevital.com/en/cycling/trekking-bike-scott-sub-sport-eride-men-20-p-43332.html
url yieldan: https://www.extremevital.com/en/cycling/electric-bike-specialized-levo-sl-kids-p-43378.html
url yieldan: https://www.extremevital.com/en/cycling/specialized-turbo-vado-4-0-p-37091.html
url yieldan: https://www.extremevital.com/en/cycling/trekking-bike-scott-sub-tour-eride-lady-20-p-33896.html
url yieldan: https://www.extremevital.com/en/cycling/womens-electric-bike-giant-liv-tempt-eplus-275plus-2-p-38200.html
url yieldan: https://www.extremevital.com/en/cycling/specialized-turbo-vado-sl-4-0-p-38142.html
url yieldan: https://www.extremevital.com/en/cycling/electric-bike-specialized-turbo-levo-sl-comp-carbon-29inch-p-36832.html
url yieldan: https://www.extremevital.com/en/cycling/electric-bike-specialized-turbo-levo-fsr-carbon-29inch-p-40821.html
url yieldan: https://www.extremevital.com/en/cycling/electric-bike-giant-talon-eplus-jr-26-p-41847.html
url yieldan: https://www.extremevital.com/en/cycling/electric-bike-giant-talon-eplus-jr-24-p-39978.html
url yieldan: https://www.extremevital.com/en/cycling/womens-electric-bike-specialized-turbo-tero-3-0-st-p-38296.html
url yieldan: https://www.extremevital.com/en/cycling/bike-scott-aspect-eride-930-p-43366.html
url yieldan: https://www.extremevital.com/en/cycling/womens-moutain-bike-giant-liv-intrigue-eplus-3-pro-29-p-40556.html
url1: https://www.extremevital.com/en/cycling/electric-bikes-c-739.html?page=2
link2: https://www.extremevital.com/en/cycling/electric-bike-scott-patron-eride-920-p-42764.html
link2: https://www.extremevital.com/en/cycling/electric-bike-specialized-turbo-levo-sl-s-works-29inch-p-33604.html
link2: https://www.extremevital.com/en/cycling/specialized-kenevo-sl-comp-carbon-p-37775.html
link2: https://www.extremevital.com/en/cycling/electric-bike-specialized-turbo-levo-fsr-expert-carbon-29inch-p-36390.html
link2: https://www.extremevital.com/en/cycling/electric-bike-specialized-turbo-levo-fsr-comp-p-38220.html
link2: https://www.extremevital.com/en/cycling/specialized-kenevo-sl-expert-carbon-p-36319.html
link2: https://www.extremevital.com/en/cycling/electric-bike-norco-range-vlt-a2-29-p-42544.html
link2: https://www.extremevital.com/en/cycling/specialized-turbo-creo-sl-expert-p-35917.html
link2: https://www.extremevital.com/en/cycling/specialized-kenevo-expert-6fattie-p-38989.html
link2: https://www.extremevital.com/en/cycling/specialized-kenevo-sl-expert-carbon-p-43340.html
link2: https://www.extremevital.com/en/cycling/electric-bike-scott-patron-eride-900-tuned-p-38657.html
link2: https://www.extremevital.com/en/cycling/electric-bike-norco-sight-vlt-a1-29-p-42543.html
link2: https://www.extremevital.com/en/cycling/electric-bike-specialized-turbo-levo-fsr-s-works-29inch-p-35628.html
link2: https://www.extremevital.com/en/cycling/electric-bike-specialized-turbo-levo-fsr-comp-womens-p-42870.html
link2: https://www.extremevital.com/en/cycling/electric-bike-specialized-turbo-levo-sl-expert-29inch-p-33250.html
link2: https://www.extremevital.com/en/cycling/electric-bike-specialized-turbo-levo-fsr-comp-p-42091.html
link2: https://www.extremevital.com/en/cycling/electric-bike-specialized-turbo-levo-fsr-comp-carbon-29inch-p-37907.html
link2: https://www.extremevital.com/en/cycling/electric-bike-scott-patron-eride-900-p-42805.html
url yieldan: https://www.extremevital.com/en/cycling/vee-rubber-tube-26x1-3-8-fv-presta-valve-p-40157.html
url yieldan: https://www.extremevital.com/en/cycling/inner-tube-specialized-24inch-presta-valve-2-4-3-0-p-23175.html
url yieldan: https://www.extremevital.com/en/cycling/baradine-v-brake-replacement-pads-p-10440.html
url yieldan: https://www.extremevital.com/en/cycling/continental-mtb-tube-26x1-75-2-50-auto-valve-p-21842.html
url yieldan: https://www.extremevital.com/en/cycling/inner-tube-kenda-12inch-schrader-valve-p-8494.html
url yieldan: https://www.extremevital.com/en/cycling/schwalbe-tube-mtb-26x1-3-8-presta-valve-p-21822.html
url yieldan: https://www.extremevital.com/en/cycling/inner-tube-kenda-treking-schrader-valve-p-8491.html
url yieldan: https://www.extremevital.com/en/cycling/inner-tube-kenda-24inch-dunlop-valve-p-8498.html
url yieldan: https://www.extremevital.com/en/cycling/electric-bike-scott-patron-eride-900-p-42805.html
url yieldan: https://www.extremevital.com/en/cycling/electric-bike-specialized-turbo-levo-fsr-comp-carbon-29inch-p-37907.html
url yieldan: https://www.extremevital.com/en/cycling/electric-bike-specialized-turbo-levo-fsr-comp-p-42091.html
url yieldan: https://www.extremevital.com/en/cycling/electric-bike-specialized-turbo-levo-sl-expert-29inch-p-33250.html
url yieldan: https://www.extremevital.com/en/cycling/electric-bike-specialized-turbo-levo-fsr-comp-womens-p-42870.html
url yieldan: https://www.extremevital.com/en/cycling/electric-bike-specialized-turbo-levo-fsr-s-works-29inch-p-35628.html
url yieldan: https://www.extremevital.com/en/cycling/electric-bike-norco-sight-vlt-a1-29-p-42543.html
url yieldan: https://www.extremevital.com/en/cycling/electric-bike-scott-patron-eride-900-tuned-p-38657.html
url yieldan: https://www.extremevital.com/en/cycling/specialized-kenevo-sl-expert-carbon-p-43340.html
url yieldan: https://www.extremevital.com/en/cycling/specialized-kenevo-expert-6fattie-p-38989.html
url yieldan: https://www.extremevital.com/en/cycling/specialized-turbo-creo-sl-expert-p-35917.html
url yieldan: https://www.extremevital.com/en/cycling/electric-bike-norco-range-vlt-a2-29-p-42544.html
url yieldan: https://www.extremevital.com/en/cycling/specialized-kenevo-sl-expert-carbon-p-36319.html
url yieldan: https://www.extremevital.com/en/cycling/electric-bike-specialized-turbo-levo-fsr-comp-p-38220.html
url yieldan: https://www.extremevital.com/en/cycling/electric-bike-specialized-turbo-levo-fsr-expert-carbon-29inch-p-36390.html
url yieldan: https://www.extremevital.com/en/cycling/specialized-kenevo-sl-comp-carbon-p-37775.html
url yieldan: https://www.extremevital.com/en/cycling/electric-bike-scott-patron-eride-920-p-42764.html
url yieldan: https://www.extremevital.com/en/cycling/electric-bike-specialized-turbo-levo-sl-s-works-29inch-p-33604.html
url yieldan: https://www.extremevital.com/en/cycling/vee-rubber-tube-26x1-75-1-90-presta-valve-p-36332.html
url yieldan: https://www.extremevital.com/en/cycling/inner-tube-vee-rubber-city-26inch-dunlop-valve-p-11588.html
url yieldan: https://www.extremevital.com/en/cycling/inner-tube-kenda-mtb-26inch-dunlop-valve-p-8489.html
url yieldan: https://www.extremevital.com/en/cycling/continental-road-tube-700x25-32-42mm-valve-p-21839.html
url yieldan: https://www.extremevital.com/en/cycling/kalloy-grips-foam-long-p-10839.html
url yieldan: https://www.extremevital.com/en/cycling/inner-tube-kenda-road-presta-valve-p-43411.html
url yieldan: https://www.extremevital.com/en/cycling/pedals-kalloy-kids-p-29373.html
url yieldan: https://www.extremevital.com/en/cycling/brake-cable-housing-shimano-dura-ace-bc9000-p-18850.html
url yieldan: https://www.extremevital.com/en/cycling/shift-cable-jagwire-shimano-sram-p-41180.html
url yieldan: https://www.extremevital.com/en/cycling/continental-mtb-tube-27-5x1-75-2-50-presta-valve-p-21844.html
url yieldan: https://www.extremevital.com/en/cycling/olive-and-insert-pin-shimano-xt-sm-bh90-p-32092.html
url yieldan: https://www.extremevital.com/en/cycling/shift-cable-housing-teflon-black-p-11585.html
url yieldan: https://www.extremevital.com/en/cycling/shimano-brake-and-shift-outer-cable-cap-p-18864.html
url yieldan: https://www.extremevital.com/en/cycling/continental-mtb-tube-10-11-12-45-degrees-auto-valve-p-25272.html
url yieldan: https://www.extremevital.com/en/cycling/inner-tube-city-26inch-italia-valve-p-23116.html
url yieldan: https://www.extremevital.com/en/cycling/shimano-shift-cable-stainless-p-11232.html
url yieldan: https://www.extremevital.com/en/cycling/inner-tube-specialized-mtb-26inch-presta-valve-p-15424.html
url yieldan: https://www.extremevital.com/en/cycling/sram-powerlock-road-12s-p-43295.html
url yieldan: https://www.extremevital.com/en/cycling/brake-cable-housing-shimano-white-p-18826.html
url yieldan: https://www.extremevital.com/en/cycling/inner-tube-specialized-20inch-auto-valve-2-4-3-0-p-25295.html
url yieldan: https://www.extremevital.com/en/cycling/vee-rubber-tube-12x175-auto-valve-p-36328.html
url yieldan: https://www.extremevital.com/en/cycling/sealant-joes-super-sealant-125ml-p-10574.html
url yieldan: https://www.extremevital.com/en/cycling/sram-powerlink-p-6463.html
url yieldan: https://www.extremevital.com/en/cycling/inner-tube-kenda-trekking-presta-valve-p-8492.html
url yieldan: https://www.extremevital.com/en/cycling/inner-tube-kenda-24inch-schrader-valve-p-23117.html
url yieldan: https://www.extremevital.com/en/cycling/headset-top-cap-star-1-1-8-p-11552.html
url yieldan: https://www.extremevital.com/en/cycling/brake-shifter-cable-end-cap-shimano-p-32096.html
url yieldan: https://www.extremevital.com/en/cycling/kalloy-brake-shoes-for-older-cycles-p-17085.html
url yieldan: https://www.extremevital.com/en/cycling/continental-mtb-tube-26x1-75-2-50-presta-valve-p-21843.html
url yieldan: https://www.extremevital.com/en/cycling/kalloy-carbon-headset-spacer-10mm-p-17039.html
url yieldan: https://www.extremevital.com/en/cycling/sram-powerlock-12s-p-22122.html
url yieldan: https://www.extremevital.com/en/cycling/brake-cable-sram-stainless-p-23285.html
url yieldan: https://www.extremevital.com/en/cycling/inner-tube-kenda-mtb-26inch-dunlop-valve-p-43410.html
url yieldan: https://www.extremevital.com/en/cycling/inner-tube-kenda-mtb-26inch-schrader-valve-p-8487.html
url yieldan: https://www.extremevital.com/en/cycling/campagnolo-shift-wire-p-23149.html
url yieldan: https://www.extremevital.com/en/cycling/continental-road-tube-700x18-25-42mm-valve-p-21834.html
url yieldan: https://www.extremevital.com/en/cycling/baradine-cantilever-replacement-brake-pads-p-10496.html
url yieldan: https://www.extremevital.com/en/cycling/sram-powerlink-p-731.html
url yieldan: https://www.extremevital.com/en/cycling/kore-alu-headset-spacer-10mm-p-34786.html
url yieldan: https://www.extremevital.com/en/cycling/continental-mtb-tube-20-x-1-9-2-5-auto-valve-p-25271.html
url yieldan: https://www.extremevital.com/en/cycling/inner-tube-kenda-trekking-dunlop-valve-p-8493.html
url yieldan: https://www.extremevital.com/en/cycling/brake-cable-shimano-stainless-p-11231.html
url yieldan: https://www.extremevital.com/en/cycling/brake-cable-shimano-stainless-road-p-16826.html
url yieldan: https://www.extremevital.com/en/cycling/sram-powerlock-11s-p-12847.html
url yieldan: https://www.extremevital.com/en/cycling/inner-tube-kenda-14inch-schrader-valve-p-23115.html
url yieldan: https://www.extremevital.com/en/cycling/inner-tube-specialized-18inch-auto-valve-1-5-2-3-p-34671.html
url yieldan: https://www.extremevital.com/en/cycling/inner-tube-kenda-20inch-schrader-valve-p-8496.html
url yieldan: https://www.extremevital.com/en/cycling/kore-carbon-headset-spacer-10mm-p-19647.html
url yieldan: https://www.extremevital.com/en/cycling/sram-powerlock-p-4945.html
url yieldan: https://www.extremevital.com/en/cycling/swiss-stop-cleaning-block-for-brake-surfaces-p-15323.html
url yieldan: https://www.extremevital.com/en/cycling/inner-tube-kenda-16inch-schrader-valve-p-8495.html
url yieldan: https://www.extremevital.com/en/cycling/velo-grips-vlg-901-kids-p-26362.html
url yieldan: https://www.extremevital.com/en/cycling/inner-tube-kenda-mtb-26inch-presta-valve-p-8488.html
url yieldan: https://www.extremevital.com/en/cycling/continental-mtb-tube-29x1-75-2-50-presta-valve-p-21845.html
url1: https://www.extremevital.com/en/cycling/bike-parts-c-2.html?page=2
next_page_url: https://www.extremevital.com/en/cycling/bike-parts-c-2.html?page=3
link2: 